Build output check failed:
    Regex: 'argument .* is not valid'
    Output line: 'cc1: warning: ‘-Werror=’ argument ‘-Werror=non-virtual-dtor’ is not valid for C'
Compilation failed:
    source file: '/home/jacob3006/PycharmProjects/learning_day_1/build/CMakeFiles/CMakeTmp/src.c'
    check option: ' -fsigned-char -W -Wall -Werror=return-type  -Werror=non-virtual-dtor'
===== BUILD LOG =====
Change Dir: /home/jacob3006/PycharmProjects/learning_day_1/build/CMakeFiles/CMakeTmp

Run Build Command:"/usr/bin/make" "cmTC_71e4d/fast"
/usr/bin/make -f CMakeFiles/cmTC_71e4d.dir/build.make CMakeFiles/cmTC_71e4d.dir/build
make[1]: Entering directory '/home/jacob3006/PycharmProjects/learning_day_1/build/CMakeFiles/CMakeTmp'
Building C object CMakeFiles/cmTC_71e4d.dir/src.c.o
/usr/bin/cc   -O3 -DNDEBUG -fPIE   -fsigned-char -W -Wall -Werror=return-type -Werror=non-virtual-dtor -o CMakeFiles/cmTC_71e4d.dir/src.c.o   -c /home/jacob3006/PycharmProjects/learning_day_1/build/CMakeFiles/CMakeTmp/src.c
cc1: warning: ‘-Werror=’ argument ‘-Werror=non-virtual-dtor’ is not valid for C
/home/jacob3006/PycharmProjects/learning_day_1/build/CMakeFiles/CMakeTmp/src.c:1:0: warning: ignoring #pragma   [-Wunknown-pragmas]
 #pragma
 
Linking C executable cmTC_71e4d
/usr/bin/cmake -E cmake_link_script CMakeFiles/cmTC_71e4d.dir/link.txt --verbose=1
/usr/bin/cc   -O3 -DNDEBUG    CMakeFiles/cmTC_71e4d.dir/src.c.o  -o cmTC_71e4d 
make[1]: Leaving directory '/home/jacob3006/PycharmProjects/learning_day_1/build/CMakeFiles/CMakeTmp'

===== END =====

Build output check failed:
    Regex: 'command[- ]line option .* is valid for .* but not for C\+\+'
    Output line: 'cc1plus: warning: command line option ‘-Wmissing-prototypes’ is valid for C/ObjC but not for C++'
Compilation failed:
    source file: '/home/jacob3006/PycharmProjects/learning_day_1/build/CMakeFiles/CMakeTmp/src.cxx'
    check option: ' -fsigned-char -W -Wall -Werror=return-type -Werror=non-virtual-dtor -Werror=address -Werror=sequence-point -Wformat -Werror=format-security -Wmissing-declarations  -Wmissing-prototypes'
===== BUILD LOG =====
Change Dir: /home/jacob3006/PycharmProjects/learning_day_1/build/CMakeFiles/CMakeTmp

Run Build Command:"/usr/bin/make" "cmTC_1e002/fast"
/usr/bin/make -f CMakeFiles/cmTC_1e002.dir/build.make CMakeFiles/cmTC_1e002.dir/build
make[1]: Entering directory '/home/jacob3006/PycharmProjects/learning_day_1/build/CMakeFiles/CMakeTmp'
Building CXX object CMakeFiles/cmTC_1e002.dir/src.cxx.o
/usr/bin/c++    -O3 -DNDEBUG -fPIE   -fsigned-char -W -Wall -Werror=return-type -Werror=non-virtual-dtor -Werror=address -Werror=sequence-point -Wformat -Werror=format-security -Wmissing-declarations -Wmissing-prototypes -std=c++11 -o CMakeFiles/cmTC_1e002.dir/src.cxx.o -c /home/jacob3006/PycharmProjects/learning_day_1/build/CMakeFiles/CMakeTmp/src.cxx
cc1plus: warning: command line option ‘-Wmissing-prototypes’ is valid for C/ObjC but not for C++
/home/jacob3006/PycharmProjects/learning_day_1/build/CMakeFiles/CMakeTmp/src.cxx:1:0: warning: ignoring #pragma   [-Wunknown-pragmas]
 #pragma
 
Linking CXX executable cmTC_1e002
/usr/bin/cmake -E cmake_link_script CMakeFiles/cmTC_1e002.dir/link.txt --verbose=1
/usr/bin/c++    -O3 -DNDEBUG    CMakeFiles/cmTC_1e002.dir/src.cxx.o  -o cmTC_1e002 
make[1]: Leaving directory '/home/jacob3006/PycharmProjects/learning_day_1/build/CMakeFiles/CMakeTmp'

===== END =====

Build output check failed:
    Regex: 'command[- ]line option .* is valid for .* but not for C\+\+'
    Output line: 'cc1plus: warning: command line option ‘-Wstrict-prototypes’ is valid for C/ObjC but not for C++'
Compilation failed:
    source file: '/home/jacob3006/PycharmProjects/learning_day_1/build/CMakeFiles/CMakeTmp/src.cxx'
    check option: ' -fsigned-char -W -Wall -Werror=return-type -Werror=non-virtual-dtor -Werror=address -Werror=sequence-point -Wformat -Werror=format-security -Wmissing-declarations  -Wstrict-prototypes'
===== BUILD LOG =====
Change Dir: /home/jacob3006/PycharmProjects/learning_day_1/build/CMakeFiles/CMakeTmp

Run Build Command:"/usr/bin/make" "cmTC_ac92a/fast"
/usr/bin/make -f CMakeFiles/cmTC_ac92a.dir/build.make CMakeFiles/cmTC_ac92a.dir/build
make[1]: Entering directory '/home/jacob3006/PycharmProjects/learning_day_1/build/CMakeFiles/CMakeTmp'
Building CXX object CMakeFiles/cmTC_ac92a.dir/src.cxx.o
/usr/bin/c++    -O3 -DNDEBUG -fPIE   -fsigned-char -W -Wall -Werror=return-type -Werror=non-virtual-dtor -Werror=address -Werror=sequence-point -Wformat -Werror=format-security -Wmissing-declarations -Wstrict-prototypes -std=c++11 -o CMakeFiles/cmTC_ac92a.dir/src.cxx.o -c /home/jacob3006/PycharmProjects/learning_day_1/build/CMakeFiles/CMakeTmp/src.cxx
cc1plus: warning: command line option ‘-Wstrict-prototypes’ is valid for C/ObjC but not for C++
/home/jacob3006/PycharmProjects/learning_day_1/build/CMakeFiles/CMakeTmp/src.cxx:1:0: warning: ignoring #pragma   [-Wunknown-pragmas]
 #pragma
 
Linking CXX executable cmTC_ac92a
/usr/bin/cmake -E cmake_link_script CMakeFiles/cmTC_ac92a.dir/link.txt --verbose=1
/usr/bin/c++    -O3 -DNDEBUG    CMakeFiles/cmTC_ac92a.dir/src.cxx.o  -o cmTC_ac92a 
make[1]: Leaving directory '/home/jacob3006/PycharmProjects/learning_day_1/build/CMakeFiles/CMakeTmp'

===== END =====

Build output check failed:
    Regex: 'command[- ]line option .* is valid for .* but not for C'
    Output line: 'cc1: warning: command line option ‘-Wsign-promo’ is valid for C++/ObjC++ but not for C'
Compilation failed:
    source file: '/home/jacob3006/PycharmProjects/learning_day_1/build/CMakeFiles/CMakeTmp/src.c'
    check option: ' -fsigned-char -W -Wall -Werror=return-type -Werror=address -Werror=sequence-point -Wformat -Werror=format-security -Wmissing-declarations -Wmissing-prototypes -Wstrict-prototypes -Wundef -Winit-self -Wpointer-arith -Wshadow  -Wsign-promo'
===== BUILD LOG =====
Change Dir: /home/jacob3006/PycharmProjects/learning_day_1/build/CMakeFiles/CMakeTmp

Run Build Command:"/usr/bin/make" "cmTC_6b2d9/fast"
/usr/bin/make -f CMakeFiles/cmTC_6b2d9.dir/build.make CMakeFiles/cmTC_6b2d9.dir/build
make[1]: Entering directory '/home/jacob3006/PycharmProjects/learning_day_1/build/CMakeFiles/CMakeTmp'
Building C object CMakeFiles/cmTC_6b2d9.dir/src.c.o
/usr/bin/cc   -O3 -DNDEBUG -fPIE   -fsigned-char -W -Wall -Werror=return-type -Werror=address -Werror=sequence-point -Wformat -Werror=format-security -Wmissing-declarations -Wmissing-prototypes -Wstrict-prototypes -Wundef -Winit-self -Wpointer-arith -Wshadow -Wsign-promo -o CMakeFiles/cmTC_6b2d9.dir/src.c.o   -c /home/jacob3006/PycharmProjects/learning_day_1/build/CMakeFiles/CMakeTmp/src.c
cc1: warning: command line option ‘-Wsign-promo’ is valid for C++/ObjC++ but not for C
/home/jacob3006/PycharmProjects/learning_day_1/build/CMakeFiles/CMakeTmp/src.c:1:0: warning: ignoring #pragma   [-Wunknown-pragmas]
 #pragma
 
Linking C executable cmTC_6b2d9
/usr/bin/cmake -E cmake_link_script CMakeFiles/cmTC_6b2d9.dir/link.txt --verbose=1
/usr/bin/cc   -O3 -DNDEBUG    CMakeFiles/cmTC_6b2d9.dir/src.c.o  -o cmTC_6b2d9 
make[1]: Leaving directory '/home/jacob3006/PycharmProjects/learning_day_1/build/CMakeFiles/CMakeTmp'

===== END =====

Build output check failed:
    Regex: 'command[- ]line option .* is valid for .* but not for C'
    Output line: 'cc1: warning: command line option ‘-Wsuggest-override’ is valid for C++/ObjC++ but not for C'
Compilation failed:
    source file: '/home/jacob3006/PycharmProjects/learning_day_1/build/CMakeFiles/CMakeTmp/src.c'
    check option: ' -fsigned-char -W -Wall -Werror=return-type -Werror=address -Werror=sequence-point -Wformat -Werror=format-security -Wmissing-declarations -Wmissing-prototypes -Wstrict-prototypes -Wundef -Winit-self -Wpointer-arith -Wshadow -Wuninitialized  -Wsuggest-override'
===== BUILD LOG =====
Change Dir: /home/jacob3006/PycharmProjects/learning_day_1/build/CMakeFiles/CMakeTmp

Run Build Command:"/usr/bin/make" "cmTC_f59ff/fast"
/usr/bin/make -f CMakeFiles/cmTC_f59ff.dir/build.make CMakeFiles/cmTC_f59ff.dir/build
make[1]: Entering directory '/home/jacob3006/PycharmProjects/learning_day_1/build/CMakeFiles/CMakeTmp'
Building C object CMakeFiles/cmTC_f59ff.dir/src.c.o
/usr/bin/cc   -O3 -DNDEBUG -fPIE   -fsigned-char -W -Wall -Werror=return-type -Werror=address -Werror=sequence-point -Wformat -Werror=format-security -Wmissing-declarations -Wmissing-prototypes -Wstrict-prototypes -Wundef -Winit-self -Wpointer-arith -Wshadow -Wuninitialized -Wsuggest-override -o CMakeFiles/cmTC_f59ff.dir/src.c.o   -c /home/jacob3006/PycharmProjects/learning_day_1/build/CMakeFiles/CMakeTmp/src.c
cc1: warning: command line option ‘-Wsuggest-override’ is valid for C++/ObjC++ but not for C
/home/jacob3006/PycharmProjects/learning_day_1/build/CMakeFiles/CMakeTmp/src.c:1:0: warning: ignoring #pragma   [-Wunknown-pragmas]
 #pragma
 
Linking C executable cmTC_f59ff
/usr/bin/cmake -E cmake_link_script CMakeFiles/cmTC_f59ff.dir/link.txt --verbose=1
/usr/bin/cc   -O3 -DNDEBUG    CMakeFiles/cmTC_f59ff.dir/src.c.o  -o cmTC_f59ff 
make[1]: Leaving directory '/home/jacob3006/PycharmProjects/learning_day_1/build/CMakeFiles/CMakeTmp'

===== END =====

Build output check failed:
    Regex: 'command[- ]line option .* is valid for .* but not for C'
    Output line: 'cc1: warning: command line option ‘-Wno-delete-non-virtual-dtor’ is valid for C++/ObjC++ but not for C'
Compilation failed:
    source file: '/home/jacob3006/PycharmProjects/learning_day_1/build/CMakeFiles/CMakeTmp/src.c'
    check option: ' -fsigned-char -W -Wall -Werror=return-type -Werror=address -Werror=sequence-point -Wformat -Werror=format-security -Wmissing-declarations -Wmissing-prototypes -Wstrict-prototypes -Wundef -Winit-self -Wpointer-arith -Wshadow -Wuninitialized  -Wno-delete-non-virtual-dtor'
===== BUILD LOG =====
Change Dir: /home/jacob3006/PycharmProjects/learning_day_1/build/CMakeFiles/CMakeTmp

Run Build Command:"/usr/bin/make" "cmTC_fb654/fast"
/usr/bin/make -f CMakeFiles/cmTC_fb654.dir/build.make CMakeFiles/cmTC_fb654.dir/build
make[1]: Entering directory '/home/jacob3006/PycharmProjects/learning_day_1/build/CMakeFiles/CMakeTmp'
Building C object CMakeFiles/cmTC_fb654.dir/src.c.o
/usr/bin/cc   -O3 -DNDEBUG -fPIE   -fsigned-char -W -Wall -Werror=return-type -Werror=address -Werror=sequence-point -Wformat -Werror=format-security -Wmissing-declarations -Wmissing-prototypes -Wstrict-prototypes -Wundef -Winit-self -Wpointer-arith -Wshadow -Wuninitialized -Wno-delete-non-virtual-dtor -o CMakeFiles/cmTC_fb654.dir/src.c.o   -c /home/jacob3006/PycharmProjects/learning_day_1/build/CMakeFiles/CMakeTmp/src.c
cc1: warning: command line option ‘-Wno-delete-non-virtual-dtor’ is valid for C++/ObjC++ but not for C
/home/jacob3006/PycharmProjects/learning_day_1/build/CMakeFiles/CMakeTmp/src.c:1:0: warning: ignoring #pragma   [-Wunknown-pragmas]
 #pragma
 
Linking C executable cmTC_fb654
/usr/bin/cmake -E cmake_link_script CMakeFiles/cmTC_fb654.dir/link.txt --verbose=1
/usr/bin/cc   -O3 -DNDEBUG    CMakeFiles/cmTC_fb654.dir/src.c.o  -o cmTC_fb654 
make[1]: Leaving directory '/home/jacob3006/PycharmProjects/learning_day_1/build/CMakeFiles/CMakeTmp'

===== END =====

Build output check failed:
    Regex: 'unrecognized .*option'
    Output line: 'cc1plus: warning: unrecognized command line option ‘-Wno-unnamed-type-template-args’'
Compilation failed:
    source file: '/home/jacob3006/PycharmProjects/learning_day_1/build/CMakeFiles/CMakeTmp/src.cxx'
    check option: ' -fsigned-char -W -Wall -Werror=return-type -Werror=non-virtual-dtor -Werror=address -Werror=sequence-point -Wformat -Werror=format-security -Wmissing-declarations -Wundef -Winit-self -Wpointer-arith -Wshadow -Wsign-promo -Wuninitialized -Wsuggest-override -Wno-delete-non-virtual-dtor  -Wno-unnamed-type-template-args'
===== BUILD LOG =====
Change Dir: /home/jacob3006/PycharmProjects/learning_day_1/build/CMakeFiles/CMakeTmp

Run Build Command:"/usr/bin/make" "cmTC_f5329/fast"
/usr/bin/make -f CMakeFiles/cmTC_f5329.dir/build.make CMakeFiles/cmTC_f5329.dir/build
make[1]: Entering directory '/home/jacob3006/PycharmProjects/learning_day_1/build/CMakeFiles/CMakeTmp'
Building CXX object CMakeFiles/cmTC_f5329.dir/src.cxx.o
/usr/bin/c++    -O3 -DNDEBUG -fPIE   -fsigned-char -W -Wall -Werror=return-type -Werror=non-virtual-dtor -Werror=address -Werror=sequence-point -Wformat -Werror=format-security -Wmissing-declarations -Wundef -Winit-self -Wpointer-arith -Wshadow -Wsign-promo -Wuninitialized -Wsuggest-override -Wno-delete-non-virtual-dtor -Wno-unnamed-type-template-args -std=c++11 -o CMakeFiles/cmTC_f5329.dir/src.cxx.o -c /home/jacob3006/PycharmProjects/learning_day_1/build/CMakeFiles/CMakeTmp/src.cxx
/home/jacob3006/PycharmProjects/learning_day_1/build/CMakeFiles/CMakeTmp/src.cxx:1:0: warning: ignoring #pragma   [-Wunknown-pragmas]
 #pragma
 
cc1plus: warning: unrecognized command line option ‘-Wno-unnamed-type-template-args’
Linking CXX executable cmTC_f5329
/usr/bin/cmake -E cmake_link_script CMakeFiles/cmTC_f5329.dir/link.txt --verbose=1
/usr/bin/c++    -O3 -DNDEBUG    CMakeFiles/cmTC_f5329.dir/src.cxx.o  -o cmTC_f5329 
make[1]: Leaving directory '/home/jacob3006/PycharmProjects/learning_day_1/build/CMakeFiles/CMakeTmp'

===== END =====

Build output check failed:
    Regex: 'unrecognized .*option'
    Output line: 'cc1: warning: unrecognized command line option ‘-Wno-unnamed-type-template-args’'
Compilation failed:
    source file: '/home/jacob3006/PycharmProjects/learning_day_1/build/CMakeFiles/CMakeTmp/src.c'
    check option: ' -fsigned-char -W -Wall -Werror=return-type -Werror=address -Werror=sequence-point -Wformat -Werror=format-security -Wmissing-declarations -Wmissing-prototypes -Wstrict-prototypes -Wundef -Winit-self -Wpointer-arith -Wshadow -Wuninitialized  -Wno-unnamed-type-template-args'
===== BUILD LOG =====
Change Dir: /home/jacob3006/PycharmProjects/learning_day_1/build/CMakeFiles/CMakeTmp

Run Build Command:"/usr/bin/make" "cmTC_c268e/fast"
/usr/bin/make -f CMakeFiles/cmTC_c268e.dir/build.make CMakeFiles/cmTC_c268e.dir/build
make[1]: Entering directory '/home/jacob3006/PycharmProjects/learning_day_1/build/CMakeFiles/CMakeTmp'
Building C object CMakeFiles/cmTC_c268e.dir/src.c.o
/usr/bin/cc   -O3 -DNDEBUG -fPIE   -fsigned-char -W -Wall -Werror=return-type -Werror=address -Werror=sequence-point -Wformat -Werror=format-security -Wmissing-declarations -Wmissing-prototypes -Wstrict-prototypes -Wundef -Winit-self -Wpointer-arith -Wshadow -Wuninitialized -Wno-unnamed-type-template-args -o CMakeFiles/cmTC_c268e.dir/src.c.o   -c /home/jacob3006/PycharmProjects/learning_day_1/build/CMakeFiles/CMakeTmp/src.c
/home/jacob3006/PycharmProjects/learning_day_1/build/CMakeFiles/CMakeTmp/src.c:1:0: warning: ignoring #pragma   [-Wunknown-pragmas]
 #pragma
 
cc1: warning: unrecognized command line option ‘-Wno-unnamed-type-template-args’
Linking C executable cmTC_c268e
/usr/bin/cmake -E cmake_link_script CMakeFiles/cmTC_c268e.dir/link.txt --verbose=1
/usr/bin/cc   -O3 -DNDEBUG    CMakeFiles/cmTC_c268e.dir/src.c.o  -o cmTC_c268e 
make[1]: Leaving directory '/home/jacob3006/PycharmProjects/learning_day_1/build/CMakeFiles/CMakeTmp'

===== END =====

Build output check failed:
    Regex: 'command[- ]line option .* is valid for .* but not for C'
    Output line: 'cc1: warning: command line option ‘-fvisibility-inlines-hidden’ is valid for C++/ObjC++ but not for C'
Compilation failed:
    source file: '/home/jacob3006/PycharmProjects/learning_day_1/build/CMakeFiles/CMakeTmp/src.c'
    check option: ' -fsigned-char -W -Wall -Werror=return-type -Werror=address -Werror=sequence-point -Wformat -Werror=format-security -Wmissing-declarations -Wmissing-prototypes -Wstrict-prototypes -Wundef -Winit-self -Wpointer-arith -Wshadow -Wuninitialized -Wno-comment -Wimplicit-fallthrough=3 -Wno-strict-overflow -fdiagnostics-show-option -Wno-long-long -pthread -fomit-frame-pointer -ffunction-sections -fdata-sections  -msse -msse2 -msse3 -fvisibility=hidden  -fvisibility-inlines-hidden'
===== BUILD LOG =====
Change Dir: /home/jacob3006/PycharmProjects/learning_day_1/build/CMakeFiles/CMakeTmp

Run Build Command:"/usr/bin/make" "cmTC_7ad97/fast"
/usr/bin/make -f CMakeFiles/cmTC_7ad97.dir/build.make CMakeFiles/cmTC_7ad97.dir/build
make[1]: Entering directory '/home/jacob3006/PycharmProjects/learning_day_1/build/CMakeFiles/CMakeTmp'
Building C object CMakeFiles/cmTC_7ad97.dir/src.c.o
/usr/bin/cc   -O3 -DNDEBUG -fPIE   -fsigned-char -W -Wall -Werror=return-type -Werror=address -Werror=sequence-point -Wformat -Werror=format-security -Wmissing-declarations -Wmissing-prototypes -Wstrict-prototypes -Wundef -Winit-self -Wpointer-arith -Wshadow -Wuninitialized -Wno-comment -Wimplicit-fallthrough=3 -Wno-strict-overflow -fdiagnostics-show-option -Wno-long-long -pthread -fomit-frame-pointer -ffunction-sections -fdata-sections -msse -msse2 -msse3 -fvisibility=hidden -fvisibility-inlines-hidden -o CMakeFiles/cmTC_7ad97.dir/src.c.o   -c /home/jacob3006/PycharmProjects/learning_day_1/build/CMakeFiles/CMakeTmp/src.c
cc1: warning: command line option ‘-fvisibility-inlines-hidden’ is valid for C++/ObjC++ but not for C
/home/jacob3006/PycharmProjects/learning_day_1/build/CMakeFiles/CMakeTmp/src.c:1:0: warning: ignoring #pragma   [-Wunknown-pragmas]
 #pragma
 
Linking C executable cmTC_7ad97
/usr/bin/cmake -E cmake_link_script CMakeFiles/cmTC_7ad97.dir/link.txt --verbose=1
/usr/bin/cc   -O3 -DNDEBUG    CMakeFiles/cmTC_7ad97.dir/src.c.o  -o cmTC_7ad97 
make[1]: Leaving directory '/home/jacob3006/PycharmProjects/learning_day_1/build/CMakeFiles/CMakeTmp'

===== END =====

Build output check failed:
    Regex: 'command[- ]line option .* is valid for .* but not for C\+\+'
    Output line: 'cc1plus: warning: command line option ‘-Wno-missing-prototypes’ is valid for C/ObjC but not for C++'
Compilation failed:
    source file: '/home/jacob3006/PycharmProjects/learning_day_1/build/CMakeFiles/CMakeTmp/src.cxx'
    check option: ' -Wno-missing-prototypes'
===== BUILD LOG =====
Change Dir: /home/jacob3006/PycharmProjects/learning_day_1/build/CMakeFiles/CMakeTmp

Run Build Command:"/usr/bin/make" "cmTC_afa3a/fast"
/usr/bin/make -f CMakeFiles/cmTC_afa3a.dir/build.make CMakeFiles/cmTC_afa3a.dir/build
make[1]: Entering directory '/home/jacob3006/PycharmProjects/learning_day_1/build/CMakeFiles/CMakeTmp'
Building CXX object CMakeFiles/cmTC_afa3a.dir/src.cxx.o
/usr/bin/c++    -fsigned-char -W -Wall -Werror=return-type -Werror=non-virtual-dtor -Werror=address -Werror=sequence-point -Wformat -Werror=format-security -Wmissing-declarations -Wundef -Winit-self -Wpointer-arith -Wshadow -Wsign-promo -Wuninitialized -Wsuggest-override -Wno-delete-non-virtual-dtor -Wno-comment -Wimplicit-fallthrough=3 -Wno-strict-overflow -fdiagnostics-show-option -Wno-long-long -pthread -fomit-frame-pointer -ffunction-sections -fdata-sections  -msse -msse2 -msse3 -fvisibility=hidden -fvisibility-inlines-hidden -Wno-deprecated  -O3 -DNDEBUG  -DNDEBUG -fPIE   -Wno-missing-prototypes -std=c++11 -o CMakeFiles/cmTC_afa3a.dir/src.cxx.o -c /home/jacob3006/PycharmProjects/learning_day_1/build/CMakeFiles/CMakeTmp/src.cxx
cc1plus: warning: command line option ‘-Wno-missing-prototypes’ is valid for C/ObjC but not for C++
/home/jacob3006/PycharmProjects/learning_day_1/build/CMakeFiles/CMakeTmp/src.cxx:1:0: warning: ignoring #pragma   [-Wunknown-pragmas]
 #pragma
 
Linking CXX executable cmTC_afa3a
/usr/bin/cmake -E cmake_link_script CMakeFiles/cmTC_afa3a.dir/link.txt --verbose=1
/usr/bin/c++     -fsigned-char -W -Wall -Werror=return-type -Werror=non-virtual-dtor -Werror=address -Werror=sequence-point -Wformat -Werror=format-security -Wmissing-declarations -Wundef -Winit-self -Wpointer-arith -Wshadow -Wsign-promo -Wuninitialized -Wsuggest-override -Wno-delete-non-virtual-dtor -Wno-comment -Wimplicit-fallthrough=3 -Wno-strict-overflow -fdiagnostics-show-option -Wno-long-long -pthread -fomit-frame-pointer -ffunction-sections -fdata-sections  -msse -msse2 -msse3 -fvisibility=hidden -fvisibility-inlines-hidden -Wno-deprecated  -O3 -DNDEBUG  -DNDEBUG    -Wl,--gc-sections -Wl,--as-needed  CMakeFiles/cmTC_afa3a.dir/src.cxx.o  -o cmTC_afa3a 
make[1]: Leaving directory '/home/jacob3006/PycharmProjects/learning_day_1/build/CMakeFiles/CMakeTmp'

===== END =====

Build output check failed:
    Regex: 'unrecognized .*option'
    Output line: 'cc1plus: warning: unrecognized command line option ‘-Wno-tautological-undefined-compare’'
Compilation failed:
    source file: '/home/jacob3006/PycharmProjects/learning_day_1/build/CMakeFiles/CMakeTmp/src.cxx'
    check option: ' -Wno-tautological-undefined-compare'
===== BUILD LOG =====
Change Dir: /home/jacob3006/PycharmProjects/learning_day_1/build/CMakeFiles/CMakeTmp

Run Build Command:"/usr/bin/make" "cmTC_367fa/fast"
/usr/bin/make -f CMakeFiles/cmTC_367fa.dir/build.make CMakeFiles/cmTC_367fa.dir/build
make[1]: Entering directory '/home/jacob3006/PycharmProjects/learning_day_1/build/CMakeFiles/CMakeTmp'
Building CXX object CMakeFiles/cmTC_367fa.dir/src.cxx.o
/usr/bin/c++    -fsigned-char -W -Wall -Werror=return-type -Werror=non-virtual-dtor -Werror=address -Werror=sequence-point -Wformat -Werror=format-security -Winit-self -Wpointer-arith -Wuninitialized -Wsuggest-override -Wno-delete-non-virtual-dtor -Wno-comment -Wimplicit-fallthrough=3 -Wno-strict-overflow -fdiagnostics-show-option -Wno-long-long -pthread -fomit-frame-pointer -ffunction-sections -fdata-sections  -msse -msse2 -msse3 -fvisibility=hidden -fvisibility-inlines-hidden -Wno-deprecated -Wno-missing-declarations -Wno-shadow -Wno-unused-parameter -Wno-unused-local-typedefs -Wno-sign-compare -Wno-sign-promo -Wno-undef  -O3 -DNDEBUG  -DNDEBUG -fPIE   -Wno-tautological-undefined-compare -std=c++11 -o CMakeFiles/cmTC_367fa.dir/src.cxx.o -c /home/jacob3006/PycharmProjects/learning_day_1/build/CMakeFiles/CMakeTmp/src.cxx
/home/jacob3006/PycharmProjects/learning_day_1/build/CMakeFiles/CMakeTmp/src.cxx:1:0: warning: ignoring #pragma   [-Wunknown-pragmas]
 #pragma
 
cc1plus: warning: unrecognized command line option ‘-Wno-tautological-undefined-compare’
Linking CXX executable cmTC_367fa
/usr/bin/cmake -E cmake_link_script CMakeFiles/cmTC_367fa.dir/link.txt --verbose=1
/usr/bin/c++     -fsigned-char -W -Wall -Werror=return-type -Werror=non-virtual-dtor -Werror=address -Werror=sequence-point -Wformat -Werror=format-security -Winit-self -Wpointer-arith -Wuninitialized -Wsuggest-override -Wno-delete-non-virtual-dtor -Wno-comment -Wimplicit-fallthrough=3 -Wno-strict-overflow -fdiagnostics-show-option -Wno-long-long -pthread -fomit-frame-pointer -ffunction-sections -fdata-sections  -msse -msse2 -msse3 -fvisibility=hidden -fvisibility-inlines-hidden -Wno-deprecated -Wno-missing-declarations -Wno-shadow -Wno-unused-parameter -Wno-unused-local-typedefs -Wno-sign-compare -Wno-sign-promo -Wno-undef  -O3 -DNDEBUG  -DNDEBUG    -Wl,--gc-sections -Wl,--as-needed  CMakeFiles/cmTC_367fa.dir/src.cxx.o  -o cmTC_367fa 
make[1]: Leaving directory '/home/jacob3006/PycharmProjects/learning_day_1/build/CMakeFiles/CMakeTmp'

===== END =====

Build output check failed:
    Regex: 'unrecognized .*option'
    Output line: 'cc1plus: warning: unrecognized command line option ‘-Wno-shorten-64-to-32’'
Compilation failed:
    source file: '/home/jacob3006/PycharmProjects/learning_day_1/build/CMakeFiles/CMakeTmp/src.cxx'
    check option: ' -Wno-shorten-64-to-32'
===== BUILD LOG =====
Change Dir: /home/jacob3006/PycharmProjects/learning_day_1/build/CMakeFiles/CMakeTmp

Run Build Command:"/usr/bin/make" "cmTC_bc553/fast"
/usr/bin/make -f CMakeFiles/cmTC_bc553.dir/build.make CMakeFiles/cmTC_bc553.dir/build
make[1]: Entering directory '/home/jacob3006/PycharmProjects/learning_day_1/build/CMakeFiles/CMakeTmp'
Building CXX object CMakeFiles/cmTC_bc553.dir/src.cxx.o
/usr/bin/c++    -fsigned-char -W -Wall -Werror=return-type -Werror=non-virtual-dtor -Werror=address -Werror=sequence-point -Wformat -Werror=format-security -Winit-self -Wpointer-arith -Wuninitialized -Wsuggest-override -Wno-delete-non-virtual-dtor -Wno-comment -Wimplicit-fallthrough=3 -Wno-strict-overflow -fdiagnostics-show-option -Wno-long-long -pthread -fomit-frame-pointer -ffunction-sections -fdata-sections  -msse -msse2 -msse3 -fvisibility=hidden -fvisibility-inlines-hidden -Wno-deprecated -Wno-missing-declarations -Wno-shadow -Wno-unused-parameter -Wno-unused-local-typedefs -Wno-sign-compare -Wno-sign-promo -Wno-undef -Wno-ignored-qualifiers -Wno-extra -Wno-unused-function -Wno-unused-const-variable  -O3 -DNDEBUG  -DNDEBUG -fPIE   -Wno-shorten-64-to-32 -std=c++11 -o CMakeFiles/cmTC_bc553.dir/src.cxx.o -c /home/jacob3006/PycharmProjects/learning_day_1/build/CMakeFiles/CMakeTmp/src.cxx
/home/jacob3006/PycharmProjects/learning_day_1/build/CMakeFiles/CMakeTmp/src.cxx:1:0: warning: ignoring #pragma   [-Wunknown-pragmas]
 #pragma
 
cc1plus: warning: unrecognized command line option ‘-Wno-shorten-64-to-32’
Linking CXX executable cmTC_bc553
/usr/bin/cmake -E cmake_link_script CMakeFiles/cmTC_bc553.dir/link.txt --verbose=1
/usr/bin/c++     -fsigned-char -W -Wall -Werror=return-type -Werror=non-virtual-dtor -Werror=address -Werror=sequence-point -Wformat -Werror=format-security -Winit-self -Wpointer-arith -Wuninitialized -Wsuggest-override -Wno-delete-non-virtual-dtor -Wno-comment -Wimplicit-fallthrough=3 -Wno-strict-overflow -fdiagnostics-show-option -Wno-long-long -pthread -fomit-frame-pointer -ffunction-sections -fdata-sections  -msse -msse2 -msse3 -fvisibility=hidden -fvisibility-inlines-hidden -Wno-deprecated -Wno-missing-declarations -Wno-shadow -Wno-unused-parameter -Wno-unused-local-typedefs -Wno-sign-compare -Wno-sign-promo -Wno-undef -Wno-ignored-qualifiers -Wno-extra -Wno-unused-function -Wno-unused-const-variable  -O3 -DNDEBUG  -DNDEBUG    -Wl,--gc-sections -Wl,--as-needed  CMakeFiles/cmTC_bc553.dir/src.cxx.o  -o cmTC_bc553 
make[1]: Leaving directory '/home/jacob3006/PycharmProjects/learning_day_1/build/CMakeFiles/CMakeTmp'

===== END =====

Build output check failed:
    Regex: 'unrecognized .*option'
    Output line: 'cc1plus: warning: unrecognized command line option ‘-Wno-enum-compare-switch’'
Compilation failed:
    source file: '/home/jacob3006/PycharmProjects/learning_day_1/build/CMakeFiles/CMakeTmp/src.cxx'
    check option: ' -Wno-enum-compare-switch'
===== BUILD LOG =====
Change Dir: /home/jacob3006/PycharmProjects/learning_day_1/build/CMakeFiles/CMakeTmp

Run Build Command:"/usr/bin/make" "cmTC_e0f33/fast"
/usr/bin/make -f CMakeFiles/cmTC_e0f33.dir/build.make CMakeFiles/cmTC_e0f33.dir/build
make[1]: Entering directory '/home/jacob3006/PycharmProjects/learning_day_1/build/CMakeFiles/CMakeTmp'
Building CXX object CMakeFiles/cmTC_e0f33.dir/src.cxx.o
/usr/bin/c++    -fsigned-char -W -Wall -Werror=return-type -Werror=non-virtual-dtor -Werror=address -Werror=sequence-point -Wformat -Werror=format-security -Winit-self -Wpointer-arith -Wuninitialized -Wsuggest-override -Wno-delete-non-virtual-dtor -Wno-comment -Wimplicit-fallthrough=3 -Wno-strict-overflow -fdiagnostics-show-option -Wno-long-long -pthread -fomit-frame-pointer -ffunction-sections -fdata-sections  -msse -msse2 -msse3 -fvisibility=hidden -fvisibility-inlines-hidden -Wno-deprecated -Wno-missing-declarations -Wno-shadow -Wno-unused-parameter -Wno-unused-local-typedefs -Wno-sign-compare -Wno-sign-promo -Wno-undef -Wno-ignored-qualifiers -Wno-extra -Wno-unused-function -Wno-unused-const-variable -Wno-invalid-offsetof  -O3 -DNDEBUG  -DNDEBUG -fPIE   -Wno-enum-compare-switch -std=c++11 -o CMakeFiles/cmTC_e0f33.dir/src.cxx.o -c /home/jacob3006/PycharmProjects/learning_day_1/build/CMakeFiles/CMakeTmp/src.cxx
/home/jacob3006/PycharmProjects/learning_day_1/build/CMakeFiles/CMakeTmp/src.cxx:1:0: warning: ignoring #pragma   [-Wunknown-pragmas]
 #pragma
 
cc1plus: warning: unrecognized command line option ‘-Wno-enum-compare-switch’
Linking CXX executable cmTC_e0f33
/usr/bin/cmake -E cmake_link_script CMakeFiles/cmTC_e0f33.dir/link.txt --verbose=1
/usr/bin/c++     -fsigned-char -W -Wall -Werror=return-type -Werror=non-virtual-dtor -Werror=address -Werror=sequence-point -Wformat -Werror=format-security -Winit-self -Wpointer-arith -Wuninitialized -Wsuggest-override -Wno-delete-non-virtual-dtor -Wno-comment -Wimplicit-fallthrough=3 -Wno-strict-overflow -fdiagnostics-show-option -Wno-long-long -pthread -fomit-frame-pointer -ffunction-sections -fdata-sections  -msse -msse2 -msse3 -fvisibility=hidden -fvisibility-inlines-hidden -Wno-deprecated -Wno-missing-declarations -Wno-shadow -Wno-unused-parameter -Wno-unused-local-typedefs -Wno-sign-compare -Wno-sign-promo -Wno-undef -Wno-ignored-qualifiers -Wno-extra -Wno-unused-function -Wno-unused-const-variable -Wno-invalid-offsetof  -O3 -DNDEBUG  -DNDEBUG    -Wl,--gc-sections -Wl,--as-needed  CMakeFiles/cmTC_e0f33.dir/src.cxx.o  -o cmTC_e0f33 
make[1]: Leaving directory '/home/jacob3006/PycharmProjects/learning_day_1/build/CMakeFiles/CMakeTmp'

===== END =====

Build output check failed:
    Regex: 'unrecognized .*option'
    Output line: 'cc1plus: warning: unrecognized command line option ‘-Wno-inconsistent-missing-override’'
Compilation failed:
    source file: '/home/jacob3006/PycharmProjects/learning_day_1/build/CMakeFiles/CMakeTmp/src.cxx'
    check option: ' -Wno-inconsistent-missing-override'
===== BUILD LOG =====
Change Dir: /home/jacob3006/PycharmProjects/learning_day_1/build/CMakeFiles/CMakeTmp

Run Build Command:"/usr/bin/make" "cmTC_d3c99/fast"
/usr/bin/make -f CMakeFiles/cmTC_d3c99.dir/build.make CMakeFiles/cmTC_d3c99.dir/build
make[1]: Entering directory '/home/jacob3006/PycharmProjects/learning_day_1/build/CMakeFiles/CMakeTmp'
Building CXX object CMakeFiles/cmTC_d3c99.dir/src.cxx.o
/usr/bin/c++    -fsigned-char -W -Wall -Werror=return-type -Werror=non-virtual-dtor -Werror=address -Werror=sequence-point -Wformat -Werror=format-security -Winit-self -Wpointer-arith -Wuninitialized -Wno-delete-non-virtual-dtor -Wno-comment -Wimplicit-fallthrough=3 -Wno-strict-overflow -fdiagnostics-show-option -Wno-long-long -pthread -fomit-frame-pointer -ffunction-sections -fdata-sections  -msse -msse2 -msse3 -fvisibility=hidden -fvisibility-inlines-hidden -Wno-deprecated -Wno-missing-declarations -Wno-shadow -Wno-unused-parameter -Wno-unused-local-typedefs -Wno-sign-compare -Wno-sign-promo -Wno-undef -Wno-ignored-qualifiers -Wno-extra -Wno-unused-function -Wno-unused-const-variable -Wno-invalid-offsetof -Wno-suggest-override  -O3 -DNDEBUG  -DNDEBUG -fPIE   -Wno-inconsistent-missing-override -std=c++11 -o CMakeFiles/cmTC_d3c99.dir/src.cxx.o -c /home/jacob3006/PycharmProjects/learning_day_1/build/CMakeFiles/CMakeTmp/src.cxx
/home/jacob3006/PycharmProjects/learning_day_1/build/CMakeFiles/CMakeTmp/src.cxx:1:0: warning: ignoring #pragma   [-Wunknown-pragmas]
 #pragma
 
cc1plus: warning: unrecognized command line option ‘-Wno-inconsistent-missing-override’
Linking CXX executable cmTC_d3c99
/usr/bin/cmake -E cmake_link_script CMakeFiles/cmTC_d3c99.dir/link.txt --verbose=1
/usr/bin/c++     -fsigned-char -W -Wall -Werror=return-type -Werror=non-virtual-dtor -Werror=address -Werror=sequence-point -Wformat -Werror=format-security -Winit-self -Wpointer-arith -Wuninitialized -Wno-delete-non-virtual-dtor -Wno-comment -Wimplicit-fallthrough=3 -Wno-strict-overflow -fdiagnostics-show-option -Wno-long-long -pthread -fomit-frame-pointer -ffunction-sections -fdata-sections  -msse -msse2 -msse3 -fvisibility=hidden -fvisibility-inlines-hidden -Wno-deprecated -Wno-missing-declarations -Wno-shadow -Wno-unused-parameter -Wno-unused-local-typedefs -Wno-sign-compare -Wno-sign-promo -Wno-undef -Wno-ignored-qualifiers -Wno-extra -Wno-unused-function -Wno-unused-const-variable -Wno-invalid-offsetof -Wno-suggest-override  -O3 -DNDEBUG  -DNDEBUG    -Wl,--gc-sections -Wl,--as-needed  CMakeFiles/cmTC_d3c99.dir/src.cxx.o  -o cmTC_d3c99 
make[1]: Leaving directory '/home/jacob3006/PycharmProjects/learning_day_1/build/CMakeFiles/CMakeTmp'

===== END =====

Determining if the include file sys/videoio.h exists failed with the following output:
Change Dir: /home/jacob3006/PycharmProjects/learning_day_1/build/CMakeFiles/CMakeTmp

Run Build Command:"/usr/bin/make" "cmTC_ac0dd/fast"
/usr/bin/make -f CMakeFiles/cmTC_ac0dd.dir/build.make CMakeFiles/cmTC_ac0dd.dir/build
make[1]: Entering directory '/home/jacob3006/PycharmProjects/learning_day_1/build/CMakeFiles/CMakeTmp'
Building C object CMakeFiles/cmTC_ac0dd.dir/CheckIncludeFile.c.o
/usr/bin/cc   -fsigned-char -W -Wall -Werror=return-type -Werror=address -Werror=sequence-point -Wformat -Werror=format-security -Wmissing-declarations -Wmissing-prototypes -Wstrict-prototypes -Wundef -Winit-self -Wpointer-arith -Wshadow -Wuninitialized -Wno-comment -Wimplicit-fallthrough=3 -Wno-strict-overflow -fdiagnostics-show-option -Wno-long-long -pthread -fomit-frame-pointer -ffunction-sections -fdata-sections  -msse -msse2 -msse3 -fvisibility=hidden  -O3 -DNDEBUG  -DNDEBUG -fPIE   -o CMakeFiles/cmTC_ac0dd.dir/CheckIncludeFile.c.o   -c /home/jacob3006/PycharmProjects/learning_day_1/build/CMakeFiles/CMakeTmp/CheckIncludeFile.c
/home/jacob3006/PycharmProjects/learning_day_1/build/CMakeFiles/CMakeTmp/CheckIncludeFile.c:1:10: fatal error: sys/videoio.h: No such file or directory
 #include <sys/videoio.h>
          ^~~~~~~~~~~~~~~
compilation terminated.
CMakeFiles/cmTC_ac0dd.dir/build.make:65: recipe for target 'CMakeFiles/cmTC_ac0dd.dir/CheckIncludeFile.c.o' failed
make[1]: *** [CMakeFiles/cmTC_ac0dd.dir/CheckIncludeFile.c.o] Error 1
make[1]: Leaving directory '/home/jacob3006/PycharmProjects/learning_day_1/build/CMakeFiles/CMakeTmp'
Makefile:126: recipe for target 'cmTC_ac0dd/fast' failed
make: *** [cmTC_ac0dd/fast] Error 2


Build output check failed:
    Regex: 'unrecognized .*option'
    Output line: 'cc1plus: warning: unrecognized command line option ‘-Wno-unused-private-field’'
Compilation failed:
    source file: '/home/jacob3006/PycharmProjects/learning_day_1/build/CMakeFiles/CMakeTmp/src.cxx'
    check option: ' -Wno-unused-private-field'
===== BUILD LOG =====
Change Dir: /home/jacob3006/PycharmProjects/learning_day_1/build/CMakeFiles/CMakeTmp

Run Build Command:"/usr/bin/make" "cmTC_624b6/fast"
/usr/bin/make -f CMakeFiles/cmTC_624b6.dir/build.make CMakeFiles/cmTC_624b6.dir/build
make[1]: Entering directory '/home/jacob3006/PycharmProjects/learning_day_1/build/CMakeFiles/CMakeTmp'
Building CXX object CMakeFiles/cmTC_624b6.dir/src.cxx.o
/usr/bin/c++    -fsigned-char -W -Wall -Werror=return-type -Werror=non-virtual-dtor -Werror=address -Werror=sequence-point -Wformat -Werror=format-security -Wmissing-declarations -Wundef -Winit-self -Wpointer-arith -Wshadow -Wsign-promo -Wuninitialized -Wsuggest-override -Wno-delete-non-virtual-dtor -Wno-comment -Wimplicit-fallthrough=3 -Wno-strict-overflow -fdiagnostics-show-option -Wno-long-long -pthread -fomit-frame-pointer -ffunction-sections -fdata-sections  -msse -msse2 -msse3 -fvisibility=hidden -fvisibility-inlines-hidden -Wno-unused-function -Wno-deprecated-declarations -Wno-overloaded-virtual  -O3 -DNDEBUG  -DNDEBUG -fPIE   -Wno-unused-private-field -std=c++11 -o CMakeFiles/cmTC_624b6.dir/src.cxx.o -c /home/jacob3006/PycharmProjects/learning_day_1/build/CMakeFiles/CMakeTmp/src.cxx
/home/jacob3006/PycharmProjects/learning_day_1/build/CMakeFiles/CMakeTmp/src.cxx:1:0: warning: ignoring #pragma   [-Wunknown-pragmas]
 #pragma
 
cc1plus: warning: unrecognized command line option ‘-Wno-unused-private-field’
Linking CXX executable cmTC_624b6
/usr/bin/cmake -E cmake_link_script CMakeFiles/cmTC_624b6.dir/link.txt --verbose=1
/usr/bin/c++     -fsigned-char -W -Wall -Werror=return-type -Werror=non-virtual-dtor -Werror=address -Werror=sequence-point -Wformat -Werror=format-security -Wmissing-declarations -Wundef -Winit-self -Wpointer-arith -Wshadow -Wsign-promo -Wuninitialized -Wsuggest-override -Wno-delete-non-virtual-dtor -Wno-comment -Wimplicit-fallthrough=3 -Wno-strict-overflow -fdiagnostics-show-option -Wno-long-long -pthread -fomit-frame-pointer -ffunction-sections -fdata-sections  -msse -msse2 -msse3 -fvisibility=hidden -fvisibility-inlines-hidden -Wno-unused-function -Wno-deprecated-declarations -Wno-overloaded-virtual  -O3 -DNDEBUG  -DNDEBUG    -Wl,--gc-sections -Wl,--as-needed  CMakeFiles/cmTC_624b6.dir/src.cxx.o  -o cmTC_624b6 
make[1]: Leaving directory '/home/jacob3006/PycharmProjects/learning_day_1/build/CMakeFiles/CMakeTmp'

===== END =====

